c:\users\admin\source\repos\mp3project\mp3project\debug\vc141.pdb
c:\users\admin\source\repos\mp3project\mp3project\debug\vc141.idb
c:\users\admin\source\repos\mp3project\mp3project\debug\mp3projectview.obj
c:\users\admin\source\repos\mp3project\mp3project\debug\mp3projectdoc.obj
c:\users\admin\source\repos\mp3project\mp3project\debug\mp3project.obj
c:\users\admin\source\repos\mp3project\mp3project\debug\mainfrm.obj
c:\users\admin\source\repos\mp3project\mp3project\debug\mp3controller.obj
c:\users\admin\source\repos\mp3project\mp3project\debug\mp3project.pch
c:\users\admin\source\repos\mp3project\mp3project\debug\pch.obj
c:\users\admin\source\repos\mp3project\mp3project\debug\drawmusicdialog.obj
c:\users\admin\source\repos\mp3project\mp3project\debug\id3.obj
c:\users\admin\source\repos\mp3project\mp3project\debug\editmusicdialog.obj
c:\users\admin\source\repos\mp3project\debug\mp3project.exe
c:\users\admin\source\repos\mp3project\debug\mp3project.ilk
c:\users\admin\source\repos\mp3project\debug\mp3project.pdb
c:\users\admin\source\repos\mp3project\mp3project\debug\mp3project.res
c:\users\admin\source\repos\mp3project\mp3project\debug\drawmusicdialog.obj.enc
c:\users\admin\source\repos\mp3project\mp3project\debug\idd_editmusicdialog.pch
c:\users\admin\source\repos\mp3project\mp3project\debug\mp3project.tlog\cl.command.1.tlog
c:\users\admin\source\repos\mp3project\mp3project\debug\mp3project.tlog\cl.read.1.tlog
c:\users\admin\source\repos\mp3project\mp3project\debug\mp3project.tlog\cl.write.1.tlog
c:\users\admin\source\repos\mp3project\mp3project\debug\mp3project.tlog\link.command.1.tlog
c:\users\admin\source\repos\mp3project\mp3project\debug\mp3project.tlog\link.read.1.tlog
c:\users\admin\source\repos\mp3project\mp3project\debug\mp3project.tlog\link.write.1.tlog
c:\users\admin\source\repos\mp3project\mp3project\debug\mp3project.tlog\rc.command.1.tlog
c:\users\admin\source\repos\mp3project\mp3project\debug\mp3project.tlog\rc.read.1.tlog
c:\users\admin\source\repos\mp3project\mp3project\debug\mp3project.tlog\rc.write.1.tlog
