C:\Program Files (x86)\Microsoft Visual Studio\2017\Community\Common7\IDE\VC\VCTargets\Microsoft.CppBuild.targets(391,5): warning MSB8028: промежуточный каталог (Debug\) содержит файлы, которые используются совместно с другим проектом (IDD_EDITMUSICDIALOG.vcxproj).  Это может привести к ошибкам очистки и перестроения.
  DrawMusicDialog.cpp
c:\users\admin\source\repos\mp3project\mp3project\trie.hpp(47): warning C4018: <: несоответствие типов со знаком и без знака
c:\users\admin\source\repos\mp3project\mp3project\trie.hpp(71): warning C4018: <: несоответствие типов со знаком и без знака
c:\users\admin\source\repos\mp3project\mp3project\trie.hpp(149): warning C4018: <: несоответствие типов со знаком и без знака
c:\users\admin\source\repos\mp3project\mp3project\mp3.hpp(51): warning C4244: аргумент: преобразование "std::streamoff" в "const unsigned int", возможна потеря данных
c:\users\admin\source\repos\mp3project\mp3project\mp3.hpp(194): warning C4018: <: несоответствие типов со знаком и без знака
c:\users\admin\source\repos\mp3project\mp3project\mp3.hpp(195): warning C4018: >=: несоответствие типов со знаком и без знака
c:\users\admin\source\repos\mp3project\mp3project\mp3.hpp(234): warning C4018: <: несоответствие типов со знаком и без знака
c:\users\admin\source\repos\mp3project\mp3project\mp3.hpp(243): warning C4018: >=: несоответствие типов со знаком и без знака
c:\users\admin\source\repos\mp3project\mp3project\mp3.hpp(252): warning C4018: <: несоответствие типов со знаком и без знака
c:\users\admin\source\repos\mp3project\mp3project\mp3.hpp(296): warning C4018: <: несоответствие типов со знаком и без знака
c:\users\admin\source\repos\mp3project\mp3project\mp3.hpp(300): warning C4018: <: несоответствие типов со знаком и без знака
c:\users\admin\source\repos\mp3project\mp3project\music.hpp(60): warning C4018: <: несоответствие типов со знаком и без знака
c:\users\admin\source\repos\mp3project\mp3project\mp3controller.h(71): warning C4018: <: несоответствие типов со знаком и без знака
c:\users\admin\source\repos\mp3project\mp3project\mp3controller.h(106): warning C4018: <: несоответствие типов со знаком и без знака
c:\users\admin\source\repos\mp3project\mp3project\helpers.h(17): warning C4018: <: несоответствие типов со знаком и без знака
c:\users\admin\source\repos\mp3project\mp3project\helpers.h(27): warning C4018: <: несоответствие типов со знаком и без знака
c:\users\admin\source\repos\mp3project\mp3project\drawmusicdialog.cpp(107): warning C4018: <: несоответствие типов со знаком и без знака
  EditMusicDialog.cpp
c:\users\admin\source\repos\mp3project\mp3project\trie.hpp(47): warning C4018: <: несоответствие типов со знаком и без знака
c:\users\admin\source\repos\mp3project\mp3project\trie.hpp(71): warning C4018: <: несоответствие типов со знаком и без знака
c:\users\admin\source\repos\mp3project\mp3project\trie.hpp(149): warning C4018: <: несоответствие типов со знаком и без знака
c:\users\admin\source\repos\mp3project\mp3project\mp3.hpp(51): warning C4244: аргумент: преобразование "std::streamoff" в "const unsigned int", возможна потеря данных
c:\users\admin\source\repos\mp3project\mp3project\mp3.hpp(194): warning C4018: <: несоответствие типов со знаком и без знака
c:\users\admin\source\repos\mp3project\mp3project\mp3.hpp(195): warning C4018: >=: несоответствие типов со знаком и без знака
c:\users\admin\source\repos\mp3project\mp3project\mp3.hpp(234): warning C4018: <: несоответствие типов со знаком и без знака
c:\users\admin\source\repos\mp3project\mp3project\mp3.hpp(243): warning C4018: >=: несоответствие типов со знаком и без знака
c:\users\admin\source\repos\mp3project\mp3project\mp3.hpp(252): warning C4018: <: несоответствие типов со знаком и без знака
c:\users\admin\source\repos\mp3project\mp3project\mp3.hpp(296): warning C4018: <: несоответствие типов со знаком и без знака
c:\users\admin\source\repos\mp3project\mp3project\mp3.hpp(300): warning C4018: <: несоответствие типов со знаком и без знака
c:\users\admin\source\repos\mp3project\mp3project\music.hpp(60): warning C4018: <: несоответствие типов со знаком и без знака
c:\users\admin\source\repos\mp3project\mp3project\mp3controller.h(71): warning C4018: <: несоответствие типов со знаком и без знака
c:\users\admin\source\repos\mp3project\mp3project\mp3controller.h(106): warning C4018: <: несоответствие типов со знаком и без знака
c:\users\admin\source\repos\mp3project\mp3project\editmusicdialog.cpp(100): warning C4018: <: несоответствие типов со знаком и без знака
c:\users\admin\source\repos\mp3project\mp3project\editmusicdialog.cpp(110): warning C4018: <: несоответствие типов со знаком и без знака
  MP3Controller.cpp
c:\users\admin\source\repos\mp3project\mp3project\trie.hpp(47): warning C4018: <: несоответствие типов со знаком и без знака
c:\users\admin\source\repos\mp3project\mp3project\trie.hpp(71): warning C4018: <: несоответствие типов со знаком и без знака
c:\users\admin\source\repos\mp3project\mp3project\trie.hpp(149): warning C4018: <: несоответствие типов со знаком и без знака
c:\users\admin\source\repos\mp3project\mp3project\mp3.hpp(51): warning C4244: аргумент: преобразование "std::streamoff" в "const unsigned int", возможна потеря данных
c:\users\admin\source\repos\mp3project\mp3project\mp3.hpp(194): warning C4018: <: несоответствие типов со знаком и без знака
c:\users\admin\source\repos\mp3project\mp3project\mp3.hpp(195): warning C4018: >=: несоответствие типов со знаком и без знака
c:\users\admin\source\repos\mp3project\mp3project\mp3.hpp(234): warning C4018: <: несоответствие типов со знаком и без знака
c:\users\admin\source\repos\mp3project\mp3project\mp3.hpp(243): warning C4018: >=: несоответствие типов со знаком и без знака
c:\users\admin\source\repos\mp3project\mp3project\mp3.hpp(252): warning C4018: <: несоответствие типов со знаком и без знака
c:\users\admin\source\repos\mp3project\mp3project\mp3.hpp(296): warning C4018: <: несоответствие типов со знаком и без знака
c:\users\admin\source\repos\mp3project\mp3project\mp3.hpp(300): warning C4018: <: несоответствие типов со знаком и без знака
c:\users\admin\source\repos\mp3project\mp3project\music.hpp(60): warning C4018: <: несоответствие типов со знаком и без знака
c:\users\admin\source\repos\mp3project\mp3project\mp3controller.h(71): warning C4018: <: несоответствие типов со знаком и без знака
c:\users\admin\source\repos\mp3project\mp3project\mp3controller.h(106): warning C4018: <: несоответствие типов со знаком и без знака
  MP3Project.cpp
c:\users\admin\source\repos\mp3project\mp3project\trie.hpp(47): warning C4018: <: несоответствие типов со знаком и без знака
c:\users\admin\source\repos\mp3project\mp3project\trie.hpp(71): warning C4018: <: несоответствие типов со знаком и без знака
c:\users\admin\source\repos\mp3project\mp3project\trie.hpp(149): warning C4018: <: несоответствие типов со знаком и без знака
c:\users\admin\source\repos\mp3project\mp3project\mp3.hpp(51): warning C4244: аргумент: преобразование "std::streamoff" в "const unsigned int", возможна потеря данных
c:\users\admin\source\repos\mp3project\mp3project\mp3.hpp(194): warning C4018: <: несоответствие типов со знаком и без знака
c:\users\admin\source\repos\mp3project\mp3project\mp3.hpp(195): warning C4018: >=: несоответствие типов со знаком и без знака
c:\users\admin\source\repos\mp3project\mp3project\mp3.hpp(234): warning C4018: <: несоответствие типов со знаком и без знака
c:\users\admin\source\repos\mp3project\mp3project\mp3.hpp(243): warning C4018: >=: несоответствие типов со знаком и без знака
c:\users\admin\source\repos\mp3project\mp3project\mp3.hpp(252): warning C4018: <: несоответствие типов со знаком и без знака
c:\users\admin\source\repos\mp3project\mp3project\mp3.hpp(296): warning C4018: <: несоответствие типов со знаком и без знака
c:\users\admin\source\repos\mp3project\mp3project\mp3.hpp(300): warning C4018: <: несоответствие типов со знаком и без знака
c:\users\admin\source\repos\mp3project\mp3project\music.hpp(60): warning C4018: <: несоответствие типов со знаком и без знака
c:\users\admin\source\repos\mp3project\mp3project\mp3controller.h(71): warning C4018: <: несоответствие типов со знаком и без знака
c:\users\admin\source\repos\mp3project\mp3project\mp3controller.h(106): warning C4018: <: несоответствие типов со знаком и без знака
  MP3ProjectView.cpp
c:\users\admin\source\repos\mp3project\mp3project\trie.hpp(47): warning C4018: <: несоответствие типов со знаком и без знака
c:\users\admin\source\repos\mp3project\mp3project\trie.hpp(71): warning C4018: <: несоответствие типов со знаком и без знака
c:\users\admin\source\repos\mp3project\mp3project\trie.hpp(149): warning C4018: <: несоответствие типов со знаком и без знака
c:\users\admin\source\repos\mp3project\mp3project\mp3.hpp(51): warning C4244: аргумент: преобразование "std::streamoff" в "const unsigned int", возможна потеря данных
c:\users\admin\source\repos\mp3project\mp3project\mp3.hpp(194): warning C4018: <: несоответствие типов со знаком и без знака
c:\users\admin\source\repos\mp3project\mp3project\mp3.hpp(195): warning C4018: >=: несоответствие типов со знаком и без знака
c:\users\admin\source\repos\mp3project\mp3project\mp3.hpp(234): warning C4018: <: несоответствие типов со знаком и без знака
c:\users\admin\source\repos\mp3project\mp3project\mp3.hpp(243): warning C4018: >=: несоответствие типов со знаком и без знака
c:\users\admin\source\repos\mp3project\mp3project\mp3.hpp(252): warning C4018: <: несоответствие типов со знаком и без знака
c:\users\admin\source\repos\mp3project\mp3project\mp3.hpp(296): warning C4018: <: несоответствие типов со знаком и без знака
c:\users\admin\source\repos\mp3project\mp3project\mp3.hpp(300): warning C4018: <: несоответствие типов со знаком и без знака
c:\users\admin\source\repos\mp3project\mp3project\music.hpp(60): warning C4018: <: несоответствие типов со знаком и без знака
c:\users\admin\source\repos\mp3project\mp3project\mp3controller.h(71): warning C4018: <: несоответствие типов со знаком и без знака
c:\users\admin\source\repos\mp3project\mp3project\mp3controller.h(106): warning C4018: <: несоответствие типов со знаком и без знака
  Создание кода...
  MP3Project.vcxproj -> C:\Users\admin\source\repos\MP3Project\Debug\MP3Project.exe
